2025-12-11 14:33:52,130 DEBUG    root            Loaded Command Group: ['gcloud', 'components']
2025-12-11 14:33:52,134 DEBUG    root            Loaded Command Group: ['gcloud', 'components', 'update']
2025-12-11 14:33:52,136 DEBUG    root            Running [gcloud.components.update] with arguments: [--compile-python: "True", --quiet: "True", COMPONENT-IDS:6: "['core', 'gcloud-deps', 'bq', 'gcloud', 'gcloud-crc32c', 'gsutil']"]
2025-12-11 14:33:52,137 INFO     ___FILE_ONLY___ Beginning update. This process may take several minutes.

2025-12-11 14:33:52,177 DEBUG    urllib3.connectionpool Starting new HTTPS connection (1): dl.google.com:443
2025-12-11 14:33:53,128 DEBUG    urllib3.connectionpool https://dl.google.com:443 "GET /dl/cloudsdk/channels/rapid/components-2.json HTTP/1.1" 200 24778
2025-12-11 14:33:53,138 INFO     ___FILE_ONLY___ 

2025-12-11 14:33:53,139 INFO     ___FILE_ONLY___ 
Your current Google Cloud CLI version is: 549.0.0

2025-12-11 14:33:53,139 INFO     ___FILE_ONLY___ Installing components from version: 549.0.0

2025-12-11 14:33:53,139 INFO     ___FILE_ONLY___ 

2025-12-11 14:33:53,139 DEBUG    root            Chosen display Format:table[box,title="These components will be removed."](details.display_name:label=Name:align=left,version.version_string:label=Version:align=right,data.size.size(zero="",min=1048576):label=Size:align=right)
2025-12-11 14:33:53,140 DEBUG    root            Chosen display Format:table[box,title="These components will be updated."](details.display_name:label=Name:align=left,version.version_string:label=Version:align=right,data.size.size(zero="",min=1048576):label=Size:align=right)
2025-12-11 14:33:53,140 DEBUG    root            Chosen display Format:table[box,title="These components will be installed."](details.display_name:label=Name:align=left,version.version_string:label=Version:align=right,data.size.size(zero="",min=1048576):label=Size:align=right)
2025-12-11 14:33:53,186 INFO     ___FILE_ONLY___ ┌──────────────────────────────────────────────────────────────────────────────┐
2025-12-11 14:33:53,186 INFO     ___FILE_ONLY___ 

2025-12-11 14:33:53,186 INFO     ___FILE_ONLY___ │                     These components will be installed.                      │
2025-12-11 14:33:53,187 INFO     ___FILE_ONLY___ 

2025-12-11 14:33:53,187 INFO     ___FILE_ONLY___ ├─────────────────────────────────────────────────────┬────────────┬───────────┤
2025-12-11 14:33:53,187 INFO     ___FILE_ONLY___ 

2025-12-11 14:33:53,187 INFO     ___FILE_ONLY___ │                         Name                        │  Version   │    Size   │
2025-12-11 14:33:53,187 INFO     ___FILE_ONLY___ 

2025-12-11 14:33:53,187 INFO     ___FILE_ONLY___ ├─────────────────────────────────────────────────────┼────────────┼───────────┤
2025-12-11 14:33:53,187 INFO     ___FILE_ONLY___ 

2025-12-11 14:33:53,187 INFO     ___FILE_ONLY___ │ 
2025-12-11 14:33:53,187 INFO     ___FILE_ONLY___ BigQuery Command Line Tool                         
2025-12-11 14:33:53,187 INFO     ___FILE_ONLY___  
2025-12-11 14:33:53,187 INFO     ___FILE_ONLY___ │ 
2025-12-11 14:33:53,188 INFO     ___FILE_ONLY___     2.1.25
2025-12-11 14:33:53,188 INFO     ___FILE_ONLY___  
2025-12-11 14:33:53,188 INFO     ___FILE_ONLY___ │ 
2025-12-11 14:33:53,188 INFO     ___FILE_ONLY___   1.8 MiB
2025-12-11 14:33:53,188 INFO     ___FILE_ONLY___  
2025-12-11 14:33:53,188 INFO     ___FILE_ONLY___ │
2025-12-11 14:33:53,188 INFO     ___FILE_ONLY___ 

2025-12-11 14:33:53,188 INFO     ___FILE_ONLY___ │ 
2025-12-11 14:33:53,188 INFO     ___FILE_ONLY___ BigQuery Command Line Tool (Platform Specific)     
2025-12-11 14:33:53,189 INFO     ___FILE_ONLY___  
2025-12-11 14:33:53,189 INFO     ___FILE_ONLY___ │ 
2025-12-11 14:33:53,189 INFO     ___FILE_ONLY___     2.1.25
2025-12-11 14:33:53,189 INFO     ___FILE_ONLY___  
2025-12-11 14:33:53,189 INFO     ___FILE_ONLY___ │ 
2025-12-11 14:33:53,189 INFO     ___FILE_ONLY___   < 1 MiB
2025-12-11 14:33:53,189 INFO     ___FILE_ONLY___  
2025-12-11 14:33:53,189 INFO     ___FILE_ONLY___ │
2025-12-11 14:33:53,189 INFO     ___FILE_ONLY___ 

2025-12-11 14:33:53,190 INFO     ___FILE_ONLY___ │ 
2025-12-11 14:33:53,190 INFO     ___FILE_ONLY___ Bundled Python 3.13 (Platform Specific)            
2025-12-11 14:33:53,190 INFO     ___FILE_ONLY___  
2025-12-11 14:33:53,190 INFO     ___FILE_ONLY___ │ 
2025-12-11 14:33:53,190 INFO     ___FILE_ONLY___     3.13.7
2025-12-11 14:33:53,190 INFO     ___FILE_ONLY___  
2025-12-11 14:33:53,190 INFO     ___FILE_ONLY___ │ 
2025-12-11 14:33:53,190 INFO     ___FILE_ONLY___ 138.5 MiB
2025-12-11 14:33:53,190 INFO     ___FILE_ONLY___  
2025-12-11 14:33:53,190 INFO     ___FILE_ONLY___ │
2025-12-11 14:33:53,191 INFO     ___FILE_ONLY___ 

2025-12-11 14:33:53,191 INFO     ___FILE_ONLY___ │ 
2025-12-11 14:33:53,191 INFO     ___FILE_ONLY___ Cloud Storage Command Line Tool                    
2025-12-11 14:33:53,191 INFO     ___FILE_ONLY___  
2025-12-11 14:33:53,191 INFO     ___FILE_ONLY___ │ 
2025-12-11 14:33:53,191 INFO     ___FILE_ONLY___       5.35
2025-12-11 14:33:53,191 INFO     ___FILE_ONLY___  
2025-12-11 14:33:53,191 INFO     ___FILE_ONLY___ │ 
2025-12-11 14:33:53,191 INFO     ___FILE_ONLY___  12.4 MiB
2025-12-11 14:33:53,191 INFO     ___FILE_ONLY___  
2025-12-11 14:33:53,192 INFO     ___FILE_ONLY___ │
2025-12-11 14:33:53,192 INFO     ___FILE_ONLY___ 

2025-12-11 14:33:53,192 INFO     ___FILE_ONLY___ │ 
2025-12-11 14:33:53,192 INFO     ___FILE_ONLY___ Cloud Storage Command Line Tool (Platform Specific)
2025-12-11 14:33:53,192 INFO     ___FILE_ONLY___  
2025-12-11 14:33:53,192 INFO     ___FILE_ONLY___ │ 
2025-12-11 14:33:53,192 INFO     ___FILE_ONLY___       5.35
2025-12-11 14:33:53,192 INFO     ___FILE_ONLY___  
2025-12-11 14:33:53,192 INFO     ___FILE_ONLY___ │ 
2025-12-11 14:33:53,193 INFO     ___FILE_ONLY___   < 1 MiB
2025-12-11 14:33:53,193 INFO     ___FILE_ONLY___  
2025-12-11 14:33:53,193 INFO     ___FILE_ONLY___ │
2025-12-11 14:33:53,193 INFO     ___FILE_ONLY___ 

2025-12-11 14:33:53,193 INFO     ___FILE_ONLY___ │ 
2025-12-11 14:33:53,193 INFO     ___FILE_ONLY___ Google Cloud CLI Core Libraries (Platform Specific)
2025-12-11 14:33:53,193 INFO     ___FILE_ONLY___  
2025-12-11 14:33:53,193 INFO     ___FILE_ONLY___ │ 
2025-12-11 14:33:53,193 INFO     ___FILE_ONLY___ 2025.10.31
2025-12-11 14:33:53,193 INFO     ___FILE_ONLY___  
2025-12-11 14:33:53,193 INFO     ___FILE_ONLY___ │ 
2025-12-11 14:33:53,193 INFO     ___FILE_ONLY___   < 1 MiB
2025-12-11 14:33:53,193 INFO     ___FILE_ONLY___  
2025-12-11 14:33:53,194 INFO     ___FILE_ONLY___ │
2025-12-11 14:33:53,194 INFO     ___FILE_ONLY___ 

2025-12-11 14:33:53,194 INFO     ___FILE_ONLY___ │ 
2025-12-11 14:33:53,194 INFO     ___FILE_ONLY___ Google Cloud CRC32C Hash Tool (Platform Specific)  
2025-12-11 14:33:53,194 INFO     ___FILE_ONLY___  
2025-12-11 14:33:53,194 INFO     ___FILE_ONLY___ │ 
2025-12-11 14:33:53,194 INFO     ___FILE_ONLY___      1.0.0
2025-12-11 14:33:53,194 INFO     ___FILE_ONLY___  
2025-12-11 14:33:53,194 INFO     ___FILE_ONLY___ │ 
2025-12-11 14:33:53,194 INFO     ___FILE_ONLY___   1.5 MiB
2025-12-11 14:33:53,194 INFO     ___FILE_ONLY___  
2025-12-11 14:33:53,194 INFO     ___FILE_ONLY___ │
2025-12-11 14:33:53,194 INFO     ___FILE_ONLY___ 

2025-12-11 14:33:53,194 INFO     ___FILE_ONLY___ │ 
2025-12-11 14:33:53,195 INFO     ___FILE_ONLY___ gcloud cli dependencies (Platform Specific)        
2025-12-11 14:33:53,195 INFO     ___FILE_ONLY___  
2025-12-11 14:33:53,195 INFO     ___FILE_ONLY___ │ 
2025-12-11 14:33:53,195 INFO     ___FILE_ONLY___ 2021.04.16
2025-12-11 14:33:53,195 INFO     ___FILE_ONLY___  
2025-12-11 14:33:53,195 INFO     ___FILE_ONLY___ │ 
2025-12-11 14:33:53,195 INFO     ___FILE_ONLY___   < 1 MiB
2025-12-11 14:33:53,195 INFO     ___FILE_ONLY___  
2025-12-11 14:33:53,195 INFO     ___FILE_ONLY___ │
2025-12-11 14:33:53,195 INFO     ___FILE_ONLY___ 

2025-12-11 14:33:53,195 INFO     ___FILE_ONLY___ └─────────────────────────────────────────────────────┴────────────┴───────────┘
2025-12-11 14:33:53,195 INFO     ___FILE_ONLY___ 

2025-12-11 14:33:53,196 INFO     ___FILE_ONLY___ 

2025-12-11 14:33:53,199 DEBUG    urllib3.connectionpool Starting new HTTPS connection (1): dl.google.com:443
2025-12-11 14:33:54,156 DEBUG    urllib3.connectionpool https://dl.google.com:443 "GET /dl/cloudsdk/channels/rapid/RELEASE_NOTES HTTP/1.1" 200 342027
2025-12-11 14:33:54,692 INFO     ___FILE_ONLY___ For the latest full release notes, please visit:
  https://cloud.google.com/sdk/release_notes


2025-12-11 14:33:54,693 INFO     ___FILE_ONLY___ Performing in place update...


2025-12-11 14:33:54,695 INFO     ___FILE_ONLY___ ╔════════════════════════════════════════════════════════════╗

2025-12-11 14:33:54,695 INFO     ___FILE_ONLY___ ╠═ Downloading: BigQuery Command Line Tool                  ═╣

2025-12-11 14:33:54,695 INFO     ___FILE_ONLY___ ╚
2025-12-11 14:33:54,698 DEBUG    urllib3.connectionpool Starting new HTTPS connection (1): dl.google.com:443
2025-12-11 14:33:55,694 DEBUG    urllib3.connectionpool https://dl.google.com:443 "GET /dl/cloudsdk/channels/rapid/components/google-cloud-sdk-bq-20251024121634.tar.gz HTTP/1.1" 200 1911793
2025-12-11 14:33:55,706 INFO     ___FILE_ONLY___ ═
2025-12-11 14:33:55,706 INFO     ___FILE_ONLY___ ═
2025-12-11 14:33:55,707 INFO     ___FILE_ONLY___ ═
2025-12-11 14:33:55,707 INFO     ___FILE_ONLY___ ═
2025-12-11 14:33:55,707 INFO     ___FILE_ONLY___ ═
2025-12-11 14:33:55,707 INFO     ___FILE_ONLY___ ═
2025-12-11 14:33:55,707 INFO     ___FILE_ONLY___ ═
2025-12-11 14:33:55,708 INFO     ___FILE_ONLY___ ═
2025-12-11 14:33:55,708 INFO     ___FILE_ONLY___ ═
2025-12-11 14:33:55,708 INFO     ___FILE_ONLY___ ═
2025-12-11 14:33:55,708 INFO     ___FILE_ONLY___ ═
2025-12-11 14:33:55,708 INFO     ___FILE_ONLY___ ═
2025-12-11 14:33:55,708 INFO     ___FILE_ONLY___ ═
2025-12-11 14:33:55,709 INFO     ___FILE_ONLY___ ═
2025-12-11 14:33:55,709 INFO     ___FILE_ONLY___ ═
2025-12-11 14:33:55,709 INFO     ___FILE_ONLY___ ═
2025-12-11 14:33:55,709 INFO     ___FILE_ONLY___ ═
2025-12-11 14:33:55,709 INFO     ___FILE_ONLY___ ═
2025-12-11 14:33:55,709 INFO     ___FILE_ONLY___ ═
2025-12-11 14:33:55,709 INFO     ___FILE_ONLY___ ═
2025-12-11 14:33:55,709 INFO     ___FILE_ONLY___ ═
2025-12-11 14:33:55,710 INFO     ___FILE_ONLY___ ═
2025-12-11 14:33:55,710 INFO     ___FILE_ONLY___ ═
2025-12-11 14:33:55,710 INFO     ___FILE_ONLY___ ═
2025-12-11 14:33:55,710 INFO     ___FILE_ONLY___ ═
2025-12-11 14:33:55,710 INFO     ___FILE_ONLY___ ═
2025-12-11 14:33:55,710 INFO     ___FILE_ONLY___ ═
2025-12-11 14:33:55,710 INFO     ___FILE_ONLY___ ═
2025-12-11 14:33:55,710 INFO     ___FILE_ONLY___ ═
2025-12-11 14:33:55,710 INFO     ___FILE_ONLY___ ═
2025-12-11 14:33:55,710 INFO     ___FILE_ONLY___ ═
2025-12-11 14:33:55,710 INFO     ___FILE_ONLY___ ═
2025-12-11 14:33:55,711 INFO     ___FILE_ONLY___ ═
2025-12-11 14:33:55,711 INFO     ___FILE_ONLY___ ═
2025-12-11 14:33:55,711 INFO     ___FILE_ONLY___ ═
2025-12-11 14:33:55,711 INFO     ___FILE_ONLY___ ═
2025-12-11 14:33:55,711 INFO     ___FILE_ONLY___ ═
2025-12-11 14:33:55,711 INFO     ___FILE_ONLY___ ═
2025-12-11 14:33:55,711 INFO     ___FILE_ONLY___ ═
2025-12-11 14:33:55,711 INFO     ___FILE_ONLY___ ═
2025-12-11 14:33:55,711 INFO     ___FILE_ONLY___ ═
2025-12-11 14:33:55,711 INFO     ___FILE_ONLY___ ═
2025-12-11 14:33:55,711 INFO     ___FILE_ONLY___ ═
2025-12-11 14:33:55,712 INFO     ___FILE_ONLY___ ═
2025-12-11 14:33:55,712 INFO     ___FILE_ONLY___ ═
2025-12-11 14:33:55,712 INFO     ___FILE_ONLY___ ═
2025-12-11 14:33:55,712 INFO     ___FILE_ONLY___ ═
2025-12-11 14:33:55,712 INFO     ___FILE_ONLY___ ═
2025-12-11 14:33:55,712 INFO     ___FILE_ONLY___ ═
2025-12-11 14:33:55,712 INFO     ___FILE_ONLY___ ═
2025-12-11 14:33:55,712 INFO     ___FILE_ONLY___ ═
2025-12-11 14:33:55,712 INFO     ___FILE_ONLY___ ═
2025-12-11 14:33:55,712 INFO     ___FILE_ONLY___ ═
2025-12-11 14:33:55,712 INFO     ___FILE_ONLY___ ═
2025-12-11 14:33:55,713 INFO     ___FILE_ONLY___ ═
2025-12-11 14:33:55,713 INFO     ___FILE_ONLY___ ═
2025-12-11 14:33:55,713 INFO     ___FILE_ONLY___ ═
2025-12-11 14:33:55,713 INFO     ___FILE_ONLY___ ═
2025-12-11 14:33:55,713 INFO     ___FILE_ONLY___ ═
2025-12-11 14:33:55,713 INFO     ___FILE_ONLY___ ═
2025-12-11 14:33:55,713 INFO     ___FILE_ONLY___ ╝

2025-12-11 14:33:55,715 INFO     ___FILE_ONLY___ ╔════════════════════════════════════════════════════════════╗

2025-12-11 14:33:55,716 INFO     ___FILE_ONLY___ ╠═ Downloading: BigQuery Command Line Tool (Platform Spe... ═╣

2025-12-11 14:33:55,716 INFO     ___FILE_ONLY___ ╚
2025-12-11 14:33:55,719 DEBUG    urllib3.connectionpool Starting new HTTPS connection (1): dl.google.com:443
2025-12-11 14:33:56,672 DEBUG    urllib3.connectionpool https://dl.google.com:443 "GET /dl/cloudsdk/channels/rapid/components/google-cloud-sdk-bq-nix-20251031202127.tar.gz HTTP/1.1" 200 1932
2025-12-11 14:33:56,672 INFO     ___FILE_ONLY___ ════════════════════════════════════════════════════════════
2025-12-11 14:33:56,672 INFO     ___FILE_ONLY___ ╝

2025-12-11 14:33:56,674 INFO     ___FILE_ONLY___ ╔════════════════════════════════════════════════════════════╗

2025-12-11 14:33:56,674 INFO     ___FILE_ONLY___ ╠═ Downloading: Bundled Python 3.13                         ═╣

2025-12-11 14:33:56,675 INFO     ___FILE_ONLY___ ╚
2025-12-11 14:33:56,675 INFO     ___FILE_ONLY___ ════════════════════════════════════════════════════════════
2025-12-11 14:33:56,675 INFO     ___FILE_ONLY___ ╝

2025-12-11 14:33:56,676 INFO     ___FILE_ONLY___ ╔════════════════════════════════════════════════════════════╗

2025-12-11 14:33:56,676 INFO     ___FILE_ONLY___ ╠═ Downloading: Bundled Python 3.13 (Platform Specific)     ═╣

2025-12-11 14:33:56,677 INFO     ___FILE_ONLY___ ╚
2025-12-11 14:33:56,679 DEBUG    urllib3.connectionpool Starting new HTTPS connection (1): dl.google.com:443
2025-12-11 14:33:57,634 DEBUG    urllib3.connectionpool https://dl.google.com:443 "GET /dl/cloudsdk/channels/rapid/components/google-cloud-sdk-bundled-python3-unix-linux-x86_64-20251205141901.tar.gz HTTP/1.1" 200 145280047
2025-12-11 14:33:58,130 INFO     ___FILE_ONLY___ ═
2025-12-11 14:33:58,133 INFO     ___FILE_ONLY___ ═
2025-12-11 14:33:58,135 INFO     ___FILE_ONLY___ ═
2025-12-11 14:33:58,138 INFO     ___FILE_ONLY___ ═
2025-12-11 14:33:58,141 INFO     ___FILE_ONLY___ ═
2025-12-11 14:33:58,143 INFO     ___FILE_ONLY___ ═
2025-12-11 14:33:58,146 INFO     ___FILE_ONLY___ ═
2025-12-11 14:33:58,149 INFO     ___FILE_ONLY___ ═
2025-12-11 14:33:58,151 INFO     ___FILE_ONLY___ ═
2025-12-11 14:33:58,154 INFO     ___FILE_ONLY___ ═
2025-12-11 14:33:58,156 INFO     ___FILE_ONLY___ ═
2025-12-11 14:33:58,159 INFO     ___FILE_ONLY___ ═
2025-12-11 14:33:58,161 INFO     ___FILE_ONLY___ ═
2025-12-11 14:33:58,164 INFO     ___FILE_ONLY___ ═
2025-12-11 14:33:58,167 INFO     ___FILE_ONLY___ ═
2025-12-11 14:33:58,169 INFO     ___FILE_ONLY___ ═
2025-12-11 14:33:58,172 INFO     ___FILE_ONLY___ ═
2025-12-11 14:33:58,174 INFO     ___FILE_ONLY___ ═
2025-12-11 14:33:58,177 INFO     ___FILE_ONLY___ ═
2025-12-11 14:33:58,179 INFO     ___FILE_ONLY___ ═
2025-12-11 14:33:58,182 INFO     ___FILE_ONLY___ ═
2025-12-11 14:33:58,185 INFO     ___FILE_ONLY___ ═
2025-12-11 14:33:58,187 INFO     ___FILE_ONLY___ ═
2025-12-11 14:33:58,190 INFO     ___FILE_ONLY___ ═
2025-12-11 14:33:58,192 INFO     ___FILE_ONLY___ ═
2025-12-11 14:33:58,195 INFO     ___FILE_ONLY___ ═
2025-12-11 14:33:58,197 INFO     ___FILE_ONLY___ ═
2025-12-11 14:33:58,200 INFO     ___FILE_ONLY___ ═
2025-12-11 14:33:58,203 INFO     ___FILE_ONLY___ ═
2025-12-11 14:33:58,205 INFO     ___FILE_ONLY___ ═
2025-12-11 14:33:58,208 INFO     ___FILE_ONLY___ ═
2025-12-11 14:33:58,210 INFO     ___FILE_ONLY___ ═
2025-12-11 14:33:58,213 INFO     ___FILE_ONLY___ ═
2025-12-11 14:33:58,216 INFO     ___FILE_ONLY___ ═
2025-12-11 14:33:58,218 INFO     ___FILE_ONLY___ ═
2025-12-11 14:33:58,221 INFO     ___FILE_ONLY___ ═
2025-12-11 14:33:58,223 INFO     ___FILE_ONLY___ ═
2025-12-11 14:33:58,226 INFO     ___FILE_ONLY___ ═
2025-12-11 14:33:58,228 INFO     ___FILE_ONLY___ ═
2025-12-11 14:33:58,231 INFO     ___FILE_ONLY___ ═
2025-12-11 14:33:58,233 INFO     ___FILE_ONLY___ ═
2025-12-11 14:33:58,235 INFO     ___FILE_ONLY___ ═
2025-12-11 14:33:58,238 INFO     ___FILE_ONLY___ ═
2025-12-11 14:33:58,240 INFO     ___FILE_ONLY___ ═
2025-12-11 14:33:58,243 INFO     ___FILE_ONLY___ ═
2025-12-11 14:33:58,245 INFO     ___FILE_ONLY___ ═
2025-12-11 14:33:58,248 INFO     ___FILE_ONLY___ ═
2025-12-11 14:33:58,250 INFO     ___FILE_ONLY___ ═
2025-12-11 14:33:58,253 INFO     ___FILE_ONLY___ ═
2025-12-11 14:33:58,255 INFO     ___FILE_ONLY___ ═
2025-12-11 14:33:58,258 INFO     ___FILE_ONLY___ ═
2025-12-11 14:33:58,260 INFO     ___FILE_ONLY___ ═
2025-12-11 14:33:58,262 INFO     ___FILE_ONLY___ ═
2025-12-11 14:33:58,265 INFO     ___FILE_ONLY___ ═
2025-12-11 14:33:58,267 INFO     ___FILE_ONLY___ ═
2025-12-11 14:33:58,270 INFO     ___FILE_ONLY___ ═
2025-12-11 14:33:58,272 INFO     ___FILE_ONLY___ ═
2025-12-11 14:33:58,275 INFO     ___FILE_ONLY___ ═
2025-12-11 14:33:58,277 INFO     ___FILE_ONLY___ ═
2025-12-11 14:33:58,280 INFO     ___FILE_ONLY___ ═
2025-12-11 14:33:58,280 INFO     ___FILE_ONLY___ ╝

2025-12-11 14:33:58,282 INFO     ___FILE_ONLY___ ╔════════════════════════════════════════════════════════════╗

2025-12-11 14:33:58,282 INFO     ___FILE_ONLY___ ╠═ Downloading: Cloud Storage Command Line Tool             ═╣

2025-12-11 14:33:58,283 INFO     ___FILE_ONLY___ ╚
2025-12-11 14:33:58,285 DEBUG    urllib3.connectionpool Starting new HTTPS connection (1): dl.google.com:443
2025-12-11 14:33:59,220 DEBUG    urllib3.connectionpool https://dl.google.com:443 "GET /dl/cloudsdk/channels/rapid/components/google-cloud-sdk-gsutil-20250627154417.tar.gz HTTP/1.1" 200 12962791
2025-12-11 14:33:59,279 INFO     ___FILE_ONLY___ ═
2025-12-11 14:33:59,280 INFO     ___FILE_ONLY___ ═
2025-12-11 14:33:59,280 INFO     ___FILE_ONLY___ ═
2025-12-11 14:33:59,280 INFO     ___FILE_ONLY___ ═
2025-12-11 14:33:59,281 INFO     ___FILE_ONLY___ ═
2025-12-11 14:33:59,281 INFO     ___FILE_ONLY___ ═
2025-12-11 14:33:59,282 INFO     ___FILE_ONLY___ ═
2025-12-11 14:33:59,282 INFO     ___FILE_ONLY___ ═
2025-12-11 14:33:59,282 INFO     ___FILE_ONLY___ ═
2025-12-11 14:33:59,283 INFO     ___FILE_ONLY___ ═
2025-12-11 14:33:59,283 INFO     ___FILE_ONLY___ ═
2025-12-11 14:33:59,283 INFO     ___FILE_ONLY___ ═
2025-12-11 14:33:59,284 INFO     ___FILE_ONLY___ ═
2025-12-11 14:33:59,284 INFO     ___FILE_ONLY___ ═
2025-12-11 14:33:59,284 INFO     ___FILE_ONLY___ ═
2025-12-11 14:33:59,285 INFO     ___FILE_ONLY___ ═
2025-12-11 14:33:59,285 INFO     ___FILE_ONLY___ ═
2025-12-11 14:33:59,285 INFO     ___FILE_ONLY___ ═
2025-12-11 14:33:59,286 INFO     ___FILE_ONLY___ ═
2025-12-11 14:33:59,286 INFO     ___FILE_ONLY___ ═
2025-12-11 14:33:59,286 INFO     ___FILE_ONLY___ ═
2025-12-11 14:33:59,287 INFO     ___FILE_ONLY___ ═
2025-12-11 14:33:59,287 INFO     ___FILE_ONLY___ ═
2025-12-11 14:33:59,287 INFO     ___FILE_ONLY___ ═
2025-12-11 14:33:59,288 INFO     ___FILE_ONLY___ ═
2025-12-11 14:33:59,288 INFO     ___FILE_ONLY___ ═
2025-12-11 14:33:59,288 INFO     ___FILE_ONLY___ ═
2025-12-11 14:33:59,289 INFO     ___FILE_ONLY___ ═
2025-12-11 14:33:59,289 INFO     ___FILE_ONLY___ ═
2025-12-11 14:33:59,289 INFO     ___FILE_ONLY___ ═
2025-12-11 14:33:59,290 INFO     ___FILE_ONLY___ ═
2025-12-11 14:33:59,290 INFO     ___FILE_ONLY___ ═
2025-12-11 14:33:59,290 INFO     ___FILE_ONLY___ ═
2025-12-11 14:33:59,291 INFO     ___FILE_ONLY___ ═
2025-12-11 14:33:59,291 INFO     ___FILE_ONLY___ ═
2025-12-11 14:33:59,291 INFO     ___FILE_ONLY___ ═
2025-12-11 14:33:59,292 INFO     ___FILE_ONLY___ ═
2025-12-11 14:33:59,292 INFO     ___FILE_ONLY___ ═
2025-12-11 14:33:59,292 INFO     ___FILE_ONLY___ ═
2025-12-11 14:33:59,293 INFO     ___FILE_ONLY___ ═
2025-12-11 14:33:59,293 INFO     ___FILE_ONLY___ ═
2025-12-11 14:33:59,293 INFO     ___FILE_ONLY___ ═
2025-12-11 14:33:59,293 INFO     ___FILE_ONLY___ ═
2025-12-11 14:33:59,294 INFO     ___FILE_ONLY___ ═
2025-12-11 14:33:59,294 INFO     ___FILE_ONLY___ ═
2025-12-11 14:33:59,294 INFO     ___FILE_ONLY___ ═
2025-12-11 14:33:59,295 INFO     ___FILE_ONLY___ ═
2025-12-11 14:33:59,295 INFO     ___FILE_ONLY___ ═
2025-12-11 14:33:59,295 INFO     ___FILE_ONLY___ ═
2025-12-11 14:33:59,296 INFO     ___FILE_ONLY___ ═
2025-12-11 14:33:59,296 INFO     ___FILE_ONLY___ ═
2025-12-11 14:33:59,296 INFO     ___FILE_ONLY___ ═
2025-12-11 14:33:59,297 INFO     ___FILE_ONLY___ ═
2025-12-11 14:33:59,297 INFO     ___FILE_ONLY___ ═
2025-12-11 14:33:59,297 INFO     ___FILE_ONLY___ ═
2025-12-11 14:33:59,297 INFO     ___FILE_ONLY___ ═
2025-12-11 14:33:59,298 INFO     ___FILE_ONLY___ ═
2025-12-11 14:33:59,298 INFO     ___FILE_ONLY___ ═
2025-12-11 14:33:59,298 INFO     ___FILE_ONLY___ ═
2025-12-11 14:33:59,299 INFO     ___FILE_ONLY___ ═
2025-12-11 14:33:59,299 INFO     ___FILE_ONLY___ ╝

2025-12-11 14:33:59,301 INFO     ___FILE_ONLY___ ╔════════════════════════════════════════════════════════════╗

2025-12-11 14:33:59,301 INFO     ___FILE_ONLY___ ╠═ Downloading: Cloud Storage Command Line Tool (Platfor... ═╣

2025-12-11 14:33:59,301 INFO     ___FILE_ONLY___ ╚
2025-12-11 14:33:59,304 DEBUG    urllib3.connectionpool Starting new HTTPS connection (1): dl.google.com:443
2025-12-11 14:34:00,265 DEBUG    urllib3.connectionpool https://dl.google.com:443 "GET /dl/cloudsdk/channels/rapid/components/google-cloud-sdk-gsutil-nix-20251031202127.tar.gz HTTP/1.1" 200 1949
2025-12-11 14:34:00,265 INFO     ___FILE_ONLY___ ════════════════════════════════════════════════════════════
2025-12-11 14:34:00,266 INFO     ___FILE_ONLY___ ╝

2025-12-11 14:34:00,267 INFO     ___FILE_ONLY___ ╔════════════════════════════════════════════════════════════╗

2025-12-11 14:34:00,268 INFO     ___FILE_ONLY___ ╠═ Downloading: Default set of gcloud commands              ═╣

2025-12-11 14:34:00,268 INFO     ___FILE_ONLY___ ╚
2025-12-11 14:34:00,268 INFO     ___FILE_ONLY___ ════════════════════════════════════════════════════════════
2025-12-11 14:34:00,268 INFO     ___FILE_ONLY___ ╝

2025-12-11 14:34:00,270 INFO     ___FILE_ONLY___ ╔════════════════════════════════════════════════════════════╗

2025-12-11 14:34:00,270 INFO     ___FILE_ONLY___ ╠═ Downloading: Google Cloud CLI Core Libraries (Platfor... ═╣

2025-12-11 14:34:00,270 INFO     ___FILE_ONLY___ ╚
2025-12-11 14:34:00,272 DEBUG    urllib3.connectionpool Starting new HTTPS connection (1): dl.google.com:443
2025-12-11 14:34:01,212 DEBUG    urllib3.connectionpool https://dl.google.com:443 "GET /dl/cloudsdk/channels/rapid/components/google-cloud-sdk-core-nix-20251031202127.tar.gz HTTP/1.1" 200 2326
2025-12-11 14:34:01,213 INFO     ___FILE_ONLY___ ════════════════════════════════════════════════════════════
2025-12-11 14:34:01,213 INFO     ___FILE_ONLY___ ╝

2025-12-11 14:34:01,215 INFO     ___FILE_ONLY___ ╔════════════════════════════════════════════════════════════╗

2025-12-11 14:34:01,215 INFO     ___FILE_ONLY___ ╠═ Downloading: Google Cloud CRC32C Hash Tool               ═╣

2025-12-11 14:34:01,215 INFO     ___FILE_ONLY___ ╚
2025-12-11 14:34:01,215 INFO     ___FILE_ONLY___ ════════════════════════════════════════════════════════════
2025-12-11 14:34:01,215 INFO     ___FILE_ONLY___ ╝

2025-12-11 14:34:01,217 INFO     ___FILE_ONLY___ ╔════════════════════════════════════════════════════════════╗

2025-12-11 14:34:01,217 INFO     ___FILE_ONLY___ ╠═ Downloading: Google Cloud CRC32C Hash Tool (Platform ... ═╣

2025-12-11 14:34:01,217 INFO     ___FILE_ONLY___ ╚
2025-12-11 14:34:01,220 DEBUG    urllib3.connectionpool Starting new HTTPS connection (1): dl.google.com:443
2025-12-11 14:34:02,185 DEBUG    urllib3.connectionpool https://dl.google.com:443 "GET /dl/cloudsdk/channels/rapid/components/google-cloud-sdk-gcloud-crc32c-linux-x86_64-20251031202127.tar.gz HTTP/1.1" 200 1531280
2025-12-11 14:34:02,196 INFO     ___FILE_ONLY___ ═
2025-12-11 14:34:02,196 INFO     ___FILE_ONLY___ ═
2025-12-11 14:34:02,197 INFO     ___FILE_ONLY___ ═
2025-12-11 14:34:02,197 INFO     ___FILE_ONLY___ ═
2025-12-11 14:34:02,197 INFO     ___FILE_ONLY___ ═
2025-12-11 14:34:02,197 INFO     ___FILE_ONLY___ ═
2025-12-11 14:34:02,197 INFO     ___FILE_ONLY___ ═
2025-12-11 14:34:02,197 INFO     ___FILE_ONLY___ ═
2025-12-11 14:34:02,197 INFO     ___FILE_ONLY___ ═
2025-12-11 14:34:02,197 INFO     ___FILE_ONLY___ ═
2025-12-11 14:34:02,198 INFO     ___FILE_ONLY___ ═
2025-12-11 14:34:02,198 INFO     ___FILE_ONLY___ ═
2025-12-11 14:34:02,198 INFO     ___FILE_ONLY___ ═
2025-12-11 14:34:02,198 INFO     ___FILE_ONLY___ ═
2025-12-11 14:34:02,198 INFO     ___FILE_ONLY___ ═
2025-12-11 14:34:02,198 INFO     ___FILE_ONLY___ ═
2025-12-11 14:34:02,198 INFO     ___FILE_ONLY___ ═
2025-12-11 14:34:02,198 INFO     ___FILE_ONLY___ ═
2025-12-11 14:34:02,198 INFO     ___FILE_ONLY___ ═
2025-12-11 14:34:02,199 INFO     ___FILE_ONLY___ ═
2025-12-11 14:34:02,199 INFO     ___FILE_ONLY___ ═
2025-12-11 14:34:02,199 INFO     ___FILE_ONLY___ ═
2025-12-11 14:34:02,199 INFO     ___FILE_ONLY___ ═
2025-12-11 14:34:02,199 INFO     ___FILE_ONLY___ ═
2025-12-11 14:34:02,199 INFO     ___FILE_ONLY___ ═
2025-12-11 14:34:02,199 INFO     ___FILE_ONLY___ ═
2025-12-11 14:34:02,199 INFO     ___FILE_ONLY___ ═
2025-12-11 14:34:02,200 INFO     ___FILE_ONLY___ ═
2025-12-11 14:34:02,200 INFO     ___FILE_ONLY___ ═
2025-12-11 14:34:02,200 INFO     ___FILE_ONLY___ ═
2025-12-11 14:34:02,200 INFO     ___FILE_ONLY___ ═
2025-12-11 14:34:02,200 INFO     ___FILE_ONLY___ ═
2025-12-11 14:34:02,200 INFO     ___FILE_ONLY___ ═
2025-12-11 14:34:02,200 INFO     ___FILE_ONLY___ ═
2025-12-11 14:34:02,200 INFO     ___FILE_ONLY___ ═
2025-12-11 14:34:02,201 INFO     ___FILE_ONLY___ ═
2025-12-11 14:34:02,201 INFO     ___FILE_ONLY___ ═
2025-12-11 14:34:02,201 INFO     ___FILE_ONLY___ ═
2025-12-11 14:34:02,201 INFO     ___FILE_ONLY___ ═
2025-12-11 14:34:02,201 INFO     ___FILE_ONLY___ ═
2025-12-11 14:34:02,201 INFO     ___FILE_ONLY___ ═
2025-12-11 14:34:02,201 INFO     ___FILE_ONLY___ ═
2025-12-11 14:34:02,201 INFO     ___FILE_ONLY___ ═
2025-12-11 14:34:02,201 INFO     ___FILE_ONLY___ ═
2025-12-11 14:34:02,202 INFO     ___FILE_ONLY___ ═
2025-12-11 14:34:02,202 INFO     ___FILE_ONLY___ ═
2025-12-11 14:34:02,202 INFO     ___FILE_ONLY___ ═
2025-12-11 14:34:02,202 INFO     ___FILE_ONLY___ ═
2025-12-11 14:34:02,202 INFO     ___FILE_ONLY___ ═
2025-12-11 14:34:02,202 INFO     ___FILE_ONLY___ ═
2025-12-11 14:34:02,202 INFO     ___FILE_ONLY___ ═
2025-12-11 14:34:02,202 INFO     ___FILE_ONLY___ ═
2025-12-11 14:34:02,202 INFO     ___FILE_ONLY___ ═
2025-12-11 14:34:02,203 INFO     ___FILE_ONLY___ ═
2025-12-11 14:34:02,203 INFO     ___FILE_ONLY___ ═
2025-12-11 14:34:02,203 INFO     ___FILE_ONLY___ ═
2025-12-11 14:34:02,203 INFO     ___FILE_ONLY___ ═
2025-12-11 14:34:02,203 INFO     ___FILE_ONLY___ ═
2025-12-11 14:34:02,203 INFO     ___FILE_ONLY___ ═
2025-12-11 14:34:02,203 INFO     ___FILE_ONLY___ ═
2025-12-11 14:34:02,203 INFO     ___FILE_ONLY___ ╝

2025-12-11 14:34:02,205 INFO     ___FILE_ONLY___ ╔════════════════════════════════════════════════════════════╗

2025-12-11 14:34:02,205 INFO     ___FILE_ONLY___ ╠═ Downloading: gcloud cli dependencies (Platform Specific) ═╣

2025-12-11 14:34:02,205 INFO     ___FILE_ONLY___ ╚
2025-12-11 14:34:02,208 DEBUG    urllib3.connectionpool Starting new HTTPS connection (1): dl.google.com:443
2025-12-11 14:34:03,144 DEBUG    urllib3.connectionpool https://dl.google.com:443 "GET /dl/cloudsdk/channels/rapid/components/google-cloud-sdk-gcloud-deps-linux-x86_64-20210416153011.tar.gz HTTP/1.1" 200 104
2025-12-11 14:34:03,145 INFO     ___FILE_ONLY___ ════════════════════════════════════════════════════════════
2025-12-11 14:34:03,145 INFO     ___FILE_ONLY___ ╝

2025-12-11 14:34:03,147 INFO     ___FILE_ONLY___ ╔════════════════════════════════════════════════════════════╗

2025-12-11 14:34:03,147 INFO     ___FILE_ONLY___ ╠═ Installing: BigQuery Command Line Tool                   ═╣

2025-12-11 14:34:03,147 INFO     ___FILE_ONLY___ ╚
2025-12-11 14:34:03,248 INFO     ___FILE_ONLY___ ═
2025-12-11 14:34:03,250 INFO     ___FILE_ONLY___ ═
2025-12-11 14:34:03,253 INFO     ___FILE_ONLY___ ═
2025-12-11 14:34:03,255 INFO     ___FILE_ONLY___ ═
2025-12-11 14:34:03,258 INFO     ___FILE_ONLY___ ═
2025-12-11 14:34:03,261 INFO     ___FILE_ONLY___ ═
2025-12-11 14:34:03,262 INFO     ___FILE_ONLY___ ═
2025-12-11 14:34:03,265 INFO     ___FILE_ONLY___ ═
2025-12-11 14:34:03,267 INFO     ___FILE_ONLY___ ═
2025-12-11 14:34:03,269 INFO     ___FILE_ONLY___ ═
2025-12-11 14:34:03,271 INFO     ___FILE_ONLY___ ═
2025-12-11 14:34:03,273 INFO     ___FILE_ONLY___ ═
2025-12-11 14:34:03,276 INFO     ___FILE_ONLY___ ═
2025-12-11 14:34:03,278 INFO     ___FILE_ONLY___ ═
2025-12-11 14:34:03,280 INFO     ___FILE_ONLY___ ═
2025-12-11 14:34:03,282 INFO     ___FILE_ONLY___ ═
2025-12-11 14:34:03,285 INFO     ___FILE_ONLY___ ═
2025-12-11 14:34:03,288 INFO     ___FILE_ONLY___ ═
2025-12-11 14:34:03,290 INFO     ___FILE_ONLY___ ═
2025-12-11 14:34:03,292 INFO     ___FILE_ONLY___ ═
2025-12-11 14:34:03,294 INFO     ___FILE_ONLY___ ═
2025-12-11 14:34:03,296 INFO     ___FILE_ONLY___ ═
2025-12-11 14:34:03,298 INFO     ___FILE_ONLY___ ═
2025-12-11 14:34:03,301 INFO     ___FILE_ONLY___ ═
2025-12-11 14:34:03,303 INFO     ___FILE_ONLY___ ═
2025-12-11 14:34:03,305 INFO     ___FILE_ONLY___ ═
2025-12-11 14:34:03,307 INFO     ___FILE_ONLY___ ═
2025-12-11 14:34:03,309 INFO     ___FILE_ONLY___ ═
2025-12-11 14:34:03,310 INFO     ___FILE_ONLY___ ═
2025-12-11 14:34:03,312 INFO     ___FILE_ONLY___ ═
2025-12-11 14:34:03,314 INFO     ___FILE_ONLY___ ═
2025-12-11 14:34:03,315 INFO     ___FILE_ONLY___ ═
2025-12-11 14:34:03,317 INFO     ___FILE_ONLY___ ═
2025-12-11 14:34:03,320 INFO     ___FILE_ONLY___ ═
2025-12-11 14:34:03,322 INFO     ___FILE_ONLY___ ═
2025-12-11 14:34:03,325 INFO     ___FILE_ONLY___ ═
2025-12-11 14:34:03,327 INFO     ___FILE_ONLY___ ═
2025-12-11 14:34:03,330 INFO     ___FILE_ONLY___ ═
2025-12-11 14:34:03,341 INFO     ___FILE_ONLY___ ═
2025-12-11 14:34:03,345 INFO     ___FILE_ONLY___ ═
2025-12-11 14:34:03,347 INFO     ___FILE_ONLY___ ═
2025-12-11 14:34:03,349 INFO     ___FILE_ONLY___ ═
2025-12-11 14:34:03,352 INFO     ___FILE_ONLY___ ═
2025-12-11 14:34:03,354 INFO     ___FILE_ONLY___ ═
2025-12-11 14:34:03,357 INFO     ___FILE_ONLY___ ═
2025-12-11 14:34:03,361 INFO     ___FILE_ONLY___ ═
2025-12-11 14:34:03,364 INFO     ___FILE_ONLY___ ═
2025-12-11 14:34:03,366 INFO     ___FILE_ONLY___ ═
2025-12-11 14:34:03,368 INFO     ___FILE_ONLY___ ═
2025-12-11 14:34:03,370 INFO     ___FILE_ONLY___ ═
2025-12-11 14:34:03,372 INFO     ___FILE_ONLY___ ═
2025-12-11 14:34:03,375 INFO     ___FILE_ONLY___ ═
2025-12-11 14:34:03,378 INFO     ___FILE_ONLY___ ═
2025-12-11 14:34:03,380 INFO     ___FILE_ONLY___ ═
2025-12-11 14:34:03,382 INFO     ___FILE_ONLY___ ═
2025-12-11 14:34:03,385 INFO     ___FILE_ONLY___ ═
2025-12-11 14:34:03,387 INFO     ___FILE_ONLY___ ═
2025-12-11 14:34:03,389 INFO     ___FILE_ONLY___ ═
2025-12-11 14:34:03,391 INFO     ___FILE_ONLY___ ═
2025-12-11 14:34:03,393 INFO     ___FILE_ONLY___ ═
2025-12-11 14:34:03,393 INFO     ___FILE_ONLY___ ╝

2025-12-11 14:34:03,401 INFO     ___FILE_ONLY___ ╔════════════════════════════════════════════════════════════╗

2025-12-11 14:34:03,401 INFO     ___FILE_ONLY___ ╠═ Installing: BigQuery Command Line Tool (Platform Spec... ═╣

2025-12-11 14:34:03,401 INFO     ___FILE_ONLY___ ╚
2025-12-11 14:34:03,402 INFO     ___FILE_ONLY___ ════════════════════════════════════════════════════════════
2025-12-11 14:34:03,402 INFO     ___FILE_ONLY___ ╝

2025-12-11 14:34:03,407 INFO     ___FILE_ONLY___ ╔════════════════════════════════════════════════════════════╗

2025-12-11 14:34:03,407 INFO     ___FILE_ONLY___ ╠═ Installing: Bundled Python 3.13                          ═╣

2025-12-11 14:34:03,407 INFO     ___FILE_ONLY___ ╚
2025-12-11 14:34:03,410 INFO     ___FILE_ONLY___ ════════════════════════════════════════════════════════════
2025-12-11 14:34:03,411 INFO     ___FILE_ONLY___ ╝

2025-12-11 14:34:03,412 INFO     ___FILE_ONLY___ ╔════════════════════════════════════════════════════════════╗

2025-12-11 14:34:03,412 INFO     ___FILE_ONLY___ ╠═ Installing: Bundled Python 3.13 (Platform Specific)      ═╣

2025-12-11 14:34:03,412 INFO     ___FILE_ONLY___ ╚
2025-12-11 14:34:06,495 INFO     ___FILE_ONLY___ ═
2025-12-11 14:34:06,510 INFO     ___FILE_ONLY___ ═
2025-12-11 14:34:06,524 INFO     ___FILE_ONLY___ ═
2025-12-11 14:34:08,831 INFO     ___FILE_ONLY___ ═
2025-12-11 14:34:08,855 INFO     ___FILE_ONLY___ ═
2025-12-11 14:34:08,882 INFO     ___FILE_ONLY___ ═
2025-12-11 14:34:08,900 INFO     ___FILE_ONLY___ ═
2025-12-11 14:34:08,930 INFO     ___FILE_ONLY___ ═
2025-12-11 14:34:08,945 INFO     ___FILE_ONLY___ ═
2025-12-11 14:34:09,040 INFO     ___FILE_ONLY___ ═
2025-12-11 14:34:09,057 INFO     ___FILE_ONLY___ ═
2025-12-11 14:34:09,073 INFO     ___FILE_ONLY___ ═
2025-12-11 14:34:09,102 INFO     ___FILE_ONLY___ ═
2025-12-11 14:34:09,117 INFO     ___FILE_ONLY___ ═
2025-12-11 14:34:09,133 INFO     ___FILE_ONLY___ ═
2025-12-11 14:34:09,147 INFO     ___FILE_ONLY___ ═
2025-12-11 14:34:09,163 INFO     ___FILE_ONLY___ ═
2025-12-11 14:34:09,179 INFO     ___FILE_ONLY___ ═
2025-12-11 14:34:09,195 INFO     ___FILE_ONLY___ ═
2025-12-11 14:34:09,212 INFO     ___FILE_ONLY___ ═
2025-12-11 14:34:09,228 INFO     ___FILE_ONLY___ ═
2025-12-11 14:34:09,245 INFO     ___FILE_ONLY___ ═
2025-12-11 14:34:09,261 INFO     ___FILE_ONLY___ ═
2025-12-11 14:34:09,279 INFO     ___FILE_ONLY___ ═
2025-12-11 14:34:09,888 INFO     ___FILE_ONLY___ ═
2025-12-11 14:34:09,908 INFO     ___FILE_ONLY___ ═
2025-12-11 14:34:09,934 INFO     ___FILE_ONLY___ ═
2025-12-11 14:34:09,948 INFO     ___FILE_ONLY___ ═
2025-12-11 14:34:09,959 INFO     ___FILE_ONLY___ ═
2025-12-11 14:34:09,971 INFO     ___FILE_ONLY___ ═
2025-12-11 14:34:09,983 INFO     ___FILE_ONLY___ ═
2025-12-11 14:34:09,995 INFO     ___FILE_ONLY___ ═
2025-12-11 14:34:10,007 INFO     ___FILE_ONLY___ ═
2025-12-11 14:34:10,018 INFO     ___FILE_ONLY___ ═
2025-12-11 14:34:10,029 INFO     ___FILE_ONLY___ ═
2025-12-11 14:34:10,041 INFO     ___FILE_ONLY___ ═
2025-12-11 14:34:10,052 INFO     ___FILE_ONLY___ ═
2025-12-11 14:34:10,064 INFO     ___FILE_ONLY___ ═
2025-12-11 14:34:10,075 INFO     ___FILE_ONLY___ ═
2025-12-11 14:34:10,087 INFO     ___FILE_ONLY___ ═
2025-12-11 14:34:10,098 INFO     ___FILE_ONLY___ ═
2025-12-11 14:34:10,110 INFO     ___FILE_ONLY___ ═
2025-12-11 14:34:10,122 INFO     ___FILE_ONLY___ ═
2025-12-11 14:34:10,133 INFO     ___FILE_ONLY___ ═
2025-12-11 14:34:10,145 INFO     ___FILE_ONLY___ ═
2025-12-11 14:34:10,156 INFO     ___FILE_ONLY___ ═
2025-12-11 14:34:10,168 INFO     ___FILE_ONLY___ ═
2025-12-11 14:34:10,180 INFO     ___FILE_ONLY___ ═
2025-12-11 14:34:10,191 INFO     ___FILE_ONLY___ ═
2025-12-11 14:34:10,202 INFO     ___FILE_ONLY___ ═
2025-12-11 14:34:10,214 INFO     ___FILE_ONLY___ ═
2025-12-11 14:34:10,225 INFO     ___FILE_ONLY___ ═
2025-12-11 14:34:10,238 INFO     ___FILE_ONLY___ ═
2025-12-11 14:34:10,250 INFO     ___FILE_ONLY___ ═
2025-12-11 14:34:10,261 INFO     ___FILE_ONLY___ ═
2025-12-11 14:34:10,273 INFO     ___FILE_ONLY___ ═
2025-12-11 14:34:10,285 INFO     ___FILE_ONLY___ ═
2025-12-11 14:34:10,297 INFO     ___FILE_ONLY___ ═
2025-12-11 14:34:10,308 INFO     ___FILE_ONLY___ ═
2025-12-11 14:34:10,320 INFO     ___FILE_ONLY___ ═
2025-12-11 14:34:10,320 INFO     ___FILE_ONLY___ ╝

2025-12-11 14:34:10,380 INFO     ___FILE_ONLY___ ╔════════════════════════════════════════════════════════════╗

2025-12-11 14:34:10,380 INFO     ___FILE_ONLY___ ╠═ Installing: Cloud Storage Command Line Tool              ═╣

2025-12-11 14:34:10,380 INFO     ___FILE_ONLY___ ╚
2025-12-11 14:34:10,924 INFO     ___FILE_ONLY___ ═
2025-12-11 14:34:10,935 INFO     ___FILE_ONLY___ ═
2025-12-11 14:34:10,945 INFO     ___FILE_ONLY___ ═
2025-12-11 14:34:10,954 INFO     ___FILE_ONLY___ ═
2025-12-11 14:34:10,963 INFO     ___FILE_ONLY___ ═
2025-12-11 14:34:10,996 INFO     ___FILE_ONLY___ ═
2025-12-11 14:34:11,009 INFO     ___FILE_ONLY___ ═
2025-12-11 14:34:11,024 INFO     ___FILE_ONLY___ ═
2025-12-11 14:34:11,038 INFO     ___FILE_ONLY___ ═
2025-12-11 14:34:11,052 INFO     ___FILE_ONLY___ ═
2025-12-11 14:34:11,068 INFO     ___FILE_ONLY___ ═
2025-12-11 14:34:11,079 INFO     ___FILE_ONLY___ ═
2025-12-11 14:34:11,089 INFO     ___FILE_ONLY___ ═
2025-12-11 14:34:11,097 INFO     ___FILE_ONLY___ ═
2025-12-11 14:34:11,106 INFO     ___FILE_ONLY___ ═
2025-12-11 14:34:11,122 INFO     ___FILE_ONLY___ ═
2025-12-11 14:34:11,135 INFO     ___FILE_ONLY___ ═
2025-12-11 14:34:11,144 INFO     ___FILE_ONLY___ ═
2025-12-11 14:34:11,154 INFO     ___FILE_ONLY___ ═
2025-12-11 14:34:11,165 INFO     ___FILE_ONLY___ ═
2025-12-11 14:34:11,174 INFO     ___FILE_ONLY___ ═
2025-12-11 14:34:11,185 INFO     ___FILE_ONLY___ ═
2025-12-11 14:34:11,195 INFO     ___FILE_ONLY___ ═
2025-12-11 14:34:11,205 INFO     ___FILE_ONLY___ ═
2025-12-11 14:34:11,214 INFO     ___FILE_ONLY___ ═
2025-12-11 14:34:11,223 INFO     ___FILE_ONLY___ ═
2025-12-11 14:34:11,234 INFO     ___FILE_ONLY___ ═
2025-12-11 14:34:11,246 INFO     ___FILE_ONLY___ ═
2025-12-11 14:34:11,262 INFO     ___FILE_ONLY___ ═
2025-12-11 14:34:11,273 INFO     ___FILE_ONLY___ ═
2025-12-11 14:34:11,284 INFO     ___FILE_ONLY___ ═
2025-12-11 14:34:11,304 INFO     ___FILE_ONLY___ ═
2025-12-11 14:34:11,319 INFO     ___FILE_ONLY___ ═
2025-12-11 14:34:11,336 INFO     ___FILE_ONLY___ ═
2025-12-11 14:34:11,350 INFO     ___FILE_ONLY___ ═
2025-12-11 14:34:11,365 INFO     ___FILE_ONLY___ ═
2025-12-11 14:34:11,374 INFO     ___FILE_ONLY___ ═
2025-12-11 14:34:11,384 INFO     ___FILE_ONLY___ ═
2025-12-11 14:34:11,419 INFO     ___FILE_ONLY___ ═
2025-12-11 14:34:11,432 INFO     ___FILE_ONLY___ ═
2025-12-11 14:34:11,442 INFO     ___FILE_ONLY___ ═
2025-12-11 14:34:11,452 INFO     ___FILE_ONLY___ ═
2025-12-11 14:34:11,461 INFO     ___FILE_ONLY___ ═
2025-12-11 14:34:11,472 INFO     ___FILE_ONLY___ ═
2025-12-11 14:34:11,481 INFO     ___FILE_ONLY___ ═
2025-12-11 14:34:11,490 INFO     ___FILE_ONLY___ ═
2025-12-11 14:34:11,500 INFO     ___FILE_ONLY___ ═
2025-12-11 14:34:11,508 INFO     ___FILE_ONLY___ ═
2025-12-11 14:34:11,517 INFO     ___FILE_ONLY___ ═
2025-12-11 14:34:11,529 INFO     ___FILE_ONLY___ ═
2025-12-11 14:34:11,542 INFO     ___FILE_ONLY___ ═
2025-12-11 14:34:11,554 INFO     ___FILE_ONLY___ ═
2025-12-11 14:34:11,567 INFO     ___FILE_ONLY___ ═
2025-12-11 14:34:11,581 INFO     ___FILE_ONLY___ ═
2025-12-11 14:34:11,595 INFO     ___FILE_ONLY___ ═
2025-12-11 14:34:11,611 INFO     ___FILE_ONLY___ ═
2025-12-11 14:34:11,628 INFO     ___FILE_ONLY___ ═
2025-12-11 14:34:11,649 INFO     ___FILE_ONLY___ ═
2025-12-11 14:34:11,666 INFO     ___FILE_ONLY___ ═
2025-12-11 14:34:11,683 INFO     ___FILE_ONLY___ ═
2025-12-11 14:34:11,683 INFO     ___FILE_ONLY___ ╝

2025-12-11 14:34:11,713 INFO     ___FILE_ONLY___ ╔════════════════════════════════════════════════════════════╗

2025-12-11 14:34:11,713 INFO     ___FILE_ONLY___ ╠═ Installing: Cloud Storage Command Line Tool (Platform... ═╣

2025-12-11 14:34:11,713 INFO     ___FILE_ONLY___ ╚
2025-12-11 14:34:11,714 INFO     ___FILE_ONLY___ ════════════════════════════════════════════════════════════
2025-12-11 14:34:11,714 INFO     ___FILE_ONLY___ ╝

2025-12-11 14:34:11,719 INFO     ___FILE_ONLY___ ╔════════════════════════════════════════════════════════════╗

2025-12-11 14:34:11,719 INFO     ___FILE_ONLY___ ╠═ Installing: Default set of gcloud commands               ═╣

2025-12-11 14:34:11,719 INFO     ___FILE_ONLY___ ╚
2025-12-11 14:34:11,722 INFO     ___FILE_ONLY___ ════════════════════════════════════════════════════════════
2025-12-11 14:34:11,722 INFO     ___FILE_ONLY___ ╝

2025-12-11 14:34:11,724 INFO     ___FILE_ONLY___ ╔════════════════════════════════════════════════════════════╗

2025-12-11 14:34:11,724 INFO     ___FILE_ONLY___ ╠═ Installing: Google Cloud CLI Core Libraries (Platform... ═╣

2025-12-11 14:34:11,724 INFO     ___FILE_ONLY___ ╚
2025-12-11 14:34:11,725 INFO     ___FILE_ONLY___ ══════════════════════════════
2025-12-11 14:34:11,725 INFO     ___FILE_ONLY___ ══════════════════════════════
2025-12-11 14:34:11,725 INFO     ___FILE_ONLY___ ╝

2025-12-11 14:34:11,730 INFO     ___FILE_ONLY___ ╔════════════════════════════════════════════════════════════╗

2025-12-11 14:34:11,730 INFO     ___FILE_ONLY___ ╠═ Installing: Google Cloud CRC32C Hash Tool                ═╣

2025-12-11 14:34:11,730 INFO     ___FILE_ONLY___ ╚
2025-12-11 14:34:11,733 INFO     ___FILE_ONLY___ ════════════════════════════════════════════════════════════
2025-12-11 14:34:11,733 INFO     ___FILE_ONLY___ ╝

2025-12-11 14:34:11,734 INFO     ___FILE_ONLY___ ╔════════════════════════════════════════════════════════════╗

2025-12-11 14:34:11,734 INFO     ___FILE_ONLY___ ╠═ Installing: Google Cloud CRC32C Hash Tool (Platform S... ═╣

2025-12-11 14:34:11,735 INFO     ___FILE_ONLY___ ╚
2025-12-11 14:34:11,770 INFO     ___FILE_ONLY___ ══════════════════════════════
2025-12-11 14:34:11,771 INFO     ___FILE_ONLY___ ══════════════════════════════
2025-12-11 14:34:11,771 INFO     ___FILE_ONLY___ ╝

2025-12-11 14:34:11,776 INFO     ___FILE_ONLY___ ╔════════════════════════════════════════════════════════════╗

2025-12-11 14:34:11,776 INFO     ___FILE_ONLY___ ╠═ Installing: gcloud cli dependencies (Platform Specific)  ═╣

2025-12-11 14:34:11,776 INFO     ___FILE_ONLY___ ╚
2025-12-11 14:34:11,776 INFO     ___FILE_ONLY___ ════════════════════════════════════════════════════════════
2025-12-11 14:34:11,776 INFO     ___FILE_ONLY___ ╝

2025-12-11 14:34:11,781 DEBUG    root            Updating notification cache...
2025-12-11 14:34:11,782 INFO     ___FILE_ONLY___ 

2025-12-11 14:34:11,784 INFO     ___FILE_ONLY___ Performing post processing steps...
2025-12-11 14:34:11,784 DEBUG    root            Executing command: ['/tools/google-cloud-sdk/bin/gcloud', 'components', 'post-process']
2025-12-11 14:34:21,345 DEBUG    ___FILE_ONLY___ 
2025-12-11 14:34:21,346 DEBUG    ___FILE_ONLY___ 
2025-12-11 14:34:21,572 INFO     root            descriptor_list: [{'universeDomain': 'googleapis.com', 'universeShortName': '', 'authenticationDomain': 'auth.cloud.google.com', 'projectPrefix': '', 'cloudWebDomain': 'cloud.google.com', 'documentationDomain': 'cloud.google.com', 'version': '1.0.0', 'state': 'primary', 'artifactRegistryDomain': 'pkg.dev'}]
2025-12-11 14:34:21,573 INFO     ___FILE_ONLY___ 
Update done!


2025-12-11 14:34:21,575 DEBUG    root            Chosen display Format:none
2025-12-11 14:34:21,576 INFO     root            Display format: "none"
