2025-12-11 14:34:22,299 DEBUG    root            Loaded Command Group: ['gcloud', 'components']
2025-12-11 14:34:22,333 DEBUG    root            Loaded Command Group: ['gcloud', 'components', 'update']
2025-12-11 14:34:22,336 DEBUG    root            Running [gcloud.components.update] with arguments: [--quiet: "True", COMPONENT-IDS:8: "['gcloud', 'core', 'bq', 'gsutil', 'compute', 'preview', 'alpha', 'beta']"]
2025-12-11 14:34:22,337 INFO     ___FILE_ONLY___ Beginning update. This process may take several minutes.

2025-12-11 14:34:22,346 DEBUG    urllib3.connectionpool Starting new HTTPS connection (1): dl.google.com:443
2025-12-11 14:34:23,310 DEBUG    urllib3.connectionpool https://dl.google.com:443 "GET /dl/cloudsdk/channels/rapid/components-2.json HTTP/1.1" 200 24778
2025-12-11 14:34:23,323 WARNING  root            Component [compute] no longer exists.
2025-12-11 14:34:23,324 INFO     ___FILE_ONLY___ 

2025-12-11 14:34:23,324 INFO     ___FILE_ONLY___ 
Your current Google Cloud CLI version is: 549.0.0

2025-12-11 14:34:23,324 INFO     ___FILE_ONLY___ Installing components from version: 549.0.0

2025-12-11 14:34:23,325 INFO     ___FILE_ONLY___ 

2025-12-11 14:34:23,325 DEBUG    root            Chosen display Format:table[box,title="These components will be removed."](details.display_name:label=Name:align=left,version.version_string:label=Version:align=right,data.size.size(zero="",min=1048576):label=Size:align=right)
2025-12-11 14:34:23,325 DEBUG    root            Chosen display Format:table[box,title="These components will be updated."](details.display_name:label=Name:align=left,version.version_string:label=Version:align=right,data.size.size(zero="",min=1048576):label=Size:align=right)
2025-12-11 14:34:23,326 DEBUG    root            Chosen display Format:table[box,title="These components will be installed."](details.display_name:label=Name:align=left,version.version_string:label=Version:align=right,data.size.size(zero="",min=1048576):label=Size:align=right)
2025-12-11 14:34:23,343 INFO     ___FILE_ONLY___ ┌────────────────────────────────────────────────┐
2025-12-11 14:34:23,343 INFO     ___FILE_ONLY___ 

2025-12-11 14:34:23,343 INFO     ___FILE_ONLY___ │      These components will be installed.       │
2025-12-11 14:34:23,343 INFO     ___FILE_ONLY___ 

2025-12-11 14:34:23,343 INFO     ___FILE_ONLY___ ├─────────────────────────┬────────────┬─────────┤
2025-12-11 14:34:23,344 INFO     ___FILE_ONLY___ 

2025-12-11 14:34:23,344 INFO     ___FILE_ONLY___ │           Name          │  Version   │   Size  │
2025-12-11 14:34:23,344 INFO     ___FILE_ONLY___ 

2025-12-11 14:34:23,344 INFO     ___FILE_ONLY___ ├─────────────────────────┼────────────┼─────────┤
2025-12-11 14:34:23,344 INFO     ___FILE_ONLY___ 

2025-12-11 14:34:23,344 INFO     ___FILE_ONLY___ │ 
2025-12-11 14:34:23,344 INFO     ___FILE_ONLY___ gcloud Alpha Commands  
2025-12-11 14:34:23,345 INFO     ___FILE_ONLY___  
2025-12-11 14:34:23,345 INFO     ___FILE_ONLY___ │ 
2025-12-11 14:34:23,345 INFO     ___FILE_ONLY___ 2025.12.05
2025-12-11 14:34:23,345 INFO     ___FILE_ONLY___  
2025-12-11 14:34:23,345 INFO     ___FILE_ONLY___ │ 
2025-12-11 14:34:23,345 INFO     ___FILE_ONLY___ < 1 MiB
2025-12-11 14:34:23,345 INFO     ___FILE_ONLY___  
2025-12-11 14:34:23,345 INFO     ___FILE_ONLY___ │
2025-12-11 14:34:23,345 INFO     ___FILE_ONLY___ 

2025-12-11 14:34:23,345 INFO     ___FILE_ONLY___ │ 
2025-12-11 14:34:23,345 INFO     ___FILE_ONLY___ gcloud Beta Commands   
2025-12-11 14:34:23,345 INFO     ___FILE_ONLY___  
2025-12-11 14:34:23,345 INFO     ___FILE_ONLY___ │ 
2025-12-11 14:34:23,345 INFO     ___FILE_ONLY___ 2025.12.05
2025-12-11 14:34:23,346 INFO     ___FILE_ONLY___  
2025-12-11 14:34:23,346 INFO     ___FILE_ONLY___ │ 
2025-12-11 14:34:23,346 INFO     ___FILE_ONLY___ < 1 MiB
2025-12-11 14:34:23,346 INFO     ___FILE_ONLY___  
2025-12-11 14:34:23,346 INFO     ___FILE_ONLY___ │
2025-12-11 14:34:23,346 INFO     ___FILE_ONLY___ 

2025-12-11 14:34:23,346 INFO     ___FILE_ONLY___ │ 
2025-12-11 14:34:23,346 INFO     ___FILE_ONLY___ gcloud Preview Commands
2025-12-11 14:34:23,346 INFO     ___FILE_ONLY___  
2025-12-11 14:34:23,346 INFO     ___FILE_ONLY___ │ 
2025-12-11 14:34:23,346 INFO     ___FILE_ONLY___           
2025-12-11 14:34:23,346 INFO     ___FILE_ONLY___  
2025-12-11 14:34:23,346 INFO     ___FILE_ONLY___ │ 
2025-12-11 14:34:23,346 INFO     ___FILE_ONLY___ < 1 MiB
2025-12-11 14:34:23,346 INFO     ___FILE_ONLY___  
2025-12-11 14:34:23,346 INFO     ___FILE_ONLY___ │
2025-12-11 14:34:23,346 INFO     ___FILE_ONLY___ 

2025-12-11 14:34:23,346 INFO     ___FILE_ONLY___ └─────────────────────────┴────────────┴─────────┘
2025-12-11 14:34:23,347 INFO     ___FILE_ONLY___ 

2025-12-11 14:34:23,347 INFO     ___FILE_ONLY___ 

2025-12-11 14:34:23,350 DEBUG    urllib3.connectionpool Starting new HTTPS connection (1): dl.google.com:443
2025-12-11 14:34:24,295 DEBUG    urllib3.connectionpool https://dl.google.com:443 "GET /dl/cloudsdk/channels/rapid/RELEASE_NOTES HTTP/1.1" 200 342027
2025-12-11 14:34:24,828 INFO     ___FILE_ONLY___ For the latest full release notes, please visit:
  https://cloud.google.com/sdk/release_notes


2025-12-11 14:34:24,828 INFO     ___FILE_ONLY___ Performing in place update...


2025-12-11 14:34:24,830 INFO     ___FILE_ONLY___ ╔════════════════════════════════════════════════════════════╗

2025-12-11 14:34:24,830 INFO     ___FILE_ONLY___ ╠═ Downloading: gcloud Alpha Commands                       ═╣

2025-12-11 14:34:24,830 INFO     ___FILE_ONLY___ ╚
2025-12-11 14:34:24,833 DEBUG    urllib3.connectionpool Starting new HTTPS connection (1): dl.google.com:443
2025-12-11 14:34:25,781 DEBUG    urllib3.connectionpool https://dl.google.com:443 "GET /dl/cloudsdk/channels/rapid/components/google-cloud-sdk-alpha-20251205141901.tar.gz HTTP/1.1" 200 800
2025-12-11 14:34:25,782 INFO     ___FILE_ONLY___ ════════════════════════════════════════════════════════════
2025-12-11 14:34:25,782 INFO     ___FILE_ONLY___ ╝

2025-12-11 14:34:25,784 INFO     ___FILE_ONLY___ ╔════════════════════════════════════════════════════════════╗

2025-12-11 14:34:25,784 INFO     ___FILE_ONLY___ ╠═ Downloading: gcloud Beta Commands                        ═╣

2025-12-11 14:34:25,784 INFO     ___FILE_ONLY___ ╚
2025-12-11 14:34:25,787 DEBUG    urllib3.connectionpool Starting new HTTPS connection (1): dl.google.com:443
2025-12-11 14:34:26,726 DEBUG    urllib3.connectionpool https://dl.google.com:443 "GET /dl/cloudsdk/channels/rapid/components/google-cloud-sdk-beta-20251205141901.tar.gz HTTP/1.1" 200 797
2025-12-11 14:34:26,727 INFO     ___FILE_ONLY___ ════════════════════════════════════════════════════════════
2025-12-11 14:34:26,727 INFO     ___FILE_ONLY___ ╝

2025-12-11 14:34:26,729 INFO     ___FILE_ONLY___ ╔════════════════════════════════════════════════════════════╗

2025-12-11 14:34:26,729 INFO     ___FILE_ONLY___ ╠═ Downloading: gcloud Preview Commands                     ═╣

2025-12-11 14:34:26,729 INFO     ___FILE_ONLY___ ╚
2025-12-11 14:34:26,732 DEBUG    urllib3.connectionpool Starting new HTTPS connection (1): dl.google.com:443
2025-12-11 14:34:27,739 DEBUG    urllib3.connectionpool https://dl.google.com:443 "GET /dl/cloudsdk/channels/rapid/components/google-cloud-sdk-preview-20241115154308.tar.gz HTTP/1.1" 200 823
2025-12-11 14:34:27,740 INFO     ___FILE_ONLY___ ════════════════════════════════════════════════════════════
2025-12-11 14:34:27,740 INFO     ___FILE_ONLY___ ╝

2025-12-11 14:34:27,742 INFO     ___FILE_ONLY___ ╔════════════════════════════════════════════════════════════╗

2025-12-11 14:34:27,742 INFO     ___FILE_ONLY___ ╠═ Installing: gcloud Alpha Commands                        ═╣

2025-12-11 14:34:27,742 INFO     ___FILE_ONLY___ ╚
2025-12-11 14:34:27,743 INFO     ___FILE_ONLY___ ════════════════════════════════════════════════════════════
2025-12-11 14:34:27,743 INFO     ___FILE_ONLY___ ╝

2025-12-11 14:34:27,750 INFO     ___FILE_ONLY___ ╔════════════════════════════════════════════════════════════╗

2025-12-11 14:34:27,750 INFO     ___FILE_ONLY___ ╠═ Installing: gcloud Beta Commands                         ═╣

2025-12-11 14:34:27,750 INFO     ___FILE_ONLY___ ╚
2025-12-11 14:34:27,751 INFO     ___FILE_ONLY___ ════════════════════════════════════════════════════════════
2025-12-11 14:34:27,751 INFO     ___FILE_ONLY___ ╝

2025-12-11 14:34:27,755 INFO     ___FILE_ONLY___ ╔════════════════════════════════════════════════════════════╗

2025-12-11 14:34:27,755 INFO     ___FILE_ONLY___ ╠═ Installing: gcloud Preview Commands                      ═╣

2025-12-11 14:34:27,755 INFO     ___FILE_ONLY___ ╚
2025-12-11 14:34:27,756 INFO     ___FILE_ONLY___ ════════════════════════════════════════════════════════════
2025-12-11 14:34:27,756 INFO     ___FILE_ONLY___ ╝

2025-12-11 14:34:27,761 DEBUG    root            Updating notification cache...
2025-12-11 14:34:27,762 INFO     ___FILE_ONLY___ 

2025-12-11 14:34:27,763 INFO     ___FILE_ONLY___ Performing post processing steps...
2025-12-11 14:34:27,764 DEBUG    root            Executing command: ['/tools/google-cloud-sdk/bin/gcloud', 'components', 'post-process']
2025-12-11 14:34:37,413 DEBUG    ___FILE_ONLY___ 
2025-12-11 14:34:37,413 DEBUG    ___FILE_ONLY___ 
2025-12-11 14:34:37,529 INFO     root            descriptor_list: [{'universeDomain': 'googleapis.com', 'universeShortName': '', 'authenticationDomain': 'auth.cloud.google.com', 'projectPrefix': '', 'cloudWebDomain': 'cloud.google.com', 'documentationDomain': 'cloud.google.com', 'version': '1.0.0', 'state': 'primary', 'artifactRegistryDomain': 'pkg.dev'}]
2025-12-11 14:34:37,530 INFO     ___FILE_ONLY___ 
Update done!


2025-12-11 14:34:37,532 DEBUG    root            Chosen display Format:none
2025-12-11 14:34:37,532 INFO     root            Display format: "none"
